Release 9.2i - xst J.36
Copyright (c) 1995-2007 Xilinx, Inc.  All rights reserved.
--> Parameter TMPDIR set to ./xst/projnav.tmp
CPU : 0.00 / 0.30 s | Elapsed : 0.00 / 0.00 s
 
--> Parameter xsthdpdir set to ./xst
CPU : 0.00 / 0.30 s | Elapsed : 0.00 / 0.00 s
 
--> Reading design: UP_COUNTER.prj

TABLE OF CONTENTS
  1) Synthesis Options Summary
  2) HDL Compilation
  3) Design Hierarchy Analysis
  4) HDL Analysis
  5) HDL Synthesis
     5.1) HDL Synthesis Report
  6) Advanced HDL Synthesis
     6.1) Advanced HDL Synthesis Report
  7) Low Level Synthesis
  8) Partition Report
  9) Final Report
     9.1) Device utilization summary
     9.2) Partition Resource Summary
     9.3) TIMING REPORT


=========================================================================
*                      Synthesis Options Summary                        *
=========================================================================
---- Source Parameters
Input File Name                    : "UP_COUNTER.prj"
Input Format                       : mixed
Ignore Synthesis Constraint File   : NO

---- Target Parameters
Output File Name                   : "UP_COUNTER"
Output Format                      : NGC
Target Device                      : xc3s200-5-pq208

---- Source Options
Top Module Name                    : UP_COUNTER
Automatic FSM Extraction           : YES
FSM Encoding Algorithm             : Auto
Safe Implementation                : No
FSM Style                          : lut
RAM Extraction                     : Yes
RAM Style                          : Auto
ROM Extraction                     : Yes
Mux Style                          : Auto
Decoder Extraction                 : YES
Priority Encoder Extraction        : YES
Shift Register Extraction          : YES
Logical Shifter Extraction         : YES
XOR Collapsing                     : YES
ROM Style                          : Auto
Mux Extraction                     : YES
Resource Sharing                   : YES
Asynchronous To Synchronous        : NO
Multiplier Style                   : auto
Automatic Register Balancing       : No

---- Target Options
Add IO Buffers                     : YES
Global Maximum Fanout              : 500
Add Generic Clock Buffer(BUFG)     : 8
Register Duplication               : YES
Slice Packing                      : YES
Optimize Instantiated Primitives   : NO
Use Clock Enable                   : Yes
Use Synchronous Set                : Yes
Use Synchronous Reset              : Yes
Pack IO Registers into IOBs        : auto
Equivalent register Removal        : YES

---- General Options
Optimization Goal                  : Speed
Optimization Effort                : 1
Library Search Order               : UP_COUNTER.lso
Keep Hierarchy                     : NO
RTL Output                         : Yes
Global Optimization                : AllClockNets
Read Cores                         : YES
Write Timing Constraints           : NO
Cross Clock Analysis               : NO
Hierarchy Separator                : /
Bus Delimiter                      : <>
Case Specifier                     : maintain
Slice Utilization Ratio            : 100
BRAM Utilization Ratio             : 100
Verilog 2001                       : YES
Auto BRAM Packing                  : NO
Slice Utilization Ratio Delta      : 5

=========================================================================


=========================================================================
*                          HDL Compilation                              *
=========================================================================
WARNING:HDLParsers:3607 - Unit work/UP_COUNTER is now defined in a different file.  It was defined in "C:/Xilinx92i/compteur/UP_COUNTER.vhd", and is now defined in "C:/Users/mohammed/Desktop/compteur/UP_COUNTER.vhd".
WARNING:HDLParsers:3607 - Unit work/UP_COUNTER/Behavioral is now defined in a different file.  It was defined in "C:/Xilinx92i/compteur/UP_COUNTER.vhd", and is now defined in "C:/Users/mohammed/Desktop/compteur/UP_COUNTER.vhd".
Compiling vhdl file "C:/Users/mohammed/Desktop/compteur/UP_COUNTER.vhd" in Library work.
Entity <up_counter> compiled.
Entity <up_counter> (Architecture <behavioral>) compiled.

=========================================================================
*                     Design Hierarchy Analysis                         *
=========================================================================
Analyzing hierarchy for entity <UP_COUNTER> in library <work> (architecture <behavioral>).


=========================================================================
*                            HDL Analysis                               *
=========================================================================
Analyzing Entity <UP_COUNTER> in library <work> (Architecture <behavioral>).
Entity <UP_COUNTER> analyzed. Unit <UP_COUNTER> generated.


=========================================================================
*                           HDL Synthesis                               *
=========================================================================

Performing bidirectional port resolution...

Synthesizing Unit <UP_COUNTER>.
    Related source file is "C:/Users/mohammed/Desktop/compteur/UP_COUNTER.vhd".
    Found 4-bit up counter for signal <counter_up>.
    Summary:
	inferred   1 Counter(s).
Unit <UP_COUNTER> synthesized.


=========================================================================
HDL Synthesis Report

Macro Statistics
# Counters                                             : 1
 4-bit up counter                                      : 1

=========================================================================

=========================================================================
*                       Advanced HDL Synthesis                          *
=========================================================================

Loading device for application Rf_Device from file '3s200.nph' in environment C:\Xilinx92i.

=========================================================================
Advanced HDL Synthesis Report

Macro Statistics
# Counters                                             : 1
 4-bit up counter                                      : 1

=========================================================================

=========================================================================
*                         Low Level Synthesis                           *
=========================================================================

Optimizing unit <UP_COUNTER> ...

Mapping all equations...
Building and optimizing final netlist ...
Found area constraint ratio of 100 (+ 5) on block UP_COUNTER, actual ratio is 0.

Final Macro Processing ...

=========================================================================
Final Register Report

Macro Statistics
# Registers                                            : 4
 Flip-Flops                                            : 4

=========================================================================

=========================================================================
*                          Partition Report                             *
=========================================================================

Partition Implementation Status
-------------------------------

  No Partitions were found in this design.

-------------------------------

=========================================================================
*                            Final Report                               *
=========================================================================
Final Results
RTL Top Level Output File Name     : UP_COUNTER.ngr
Top Level Output File Name         : UP_COUNTER
Output Format                      : NGC
Optimization Goal                  : Speed
Keep Hierarchy                     : NO

Design Statistics
# IOs                              : 6

Cell Usage :
# BELS                             : 4
#      INV                         : 1
#      LUT2                        : 1
#      LUT3                        : 1
#      LUT4                        : 1
# FlipFlops/Latches                : 4
#      FDR                         : 4
# Clock Buffers                    : 1
#      BUFGP                       : 1
# IO Buffers                       : 5
#      IBUF                        : 1
#      OBUF                        : 4
=========================================================================

Device utilization summary:
---------------------------

Selected Device : 3s200pq208-5 

 Number of Slices:                       2  out of   1920     0%  
 Number of Slice Flip Flops:             4  out of   3840     0%  
 Number of 4 input LUTs:                 4  out of   3840     0%  
 Number of IOs:                          6
 Number of bonded IOBs:                  6  out of    141     4%  
 Number of GCLKs:                        1  out of      8    12%  

---------------------------
Partition Resource Summary:
---------------------------

  No Partitions were found in this design.

---------------------------


=========================================================================
TIMING REPORT

NOTE: THESE TIMING NUMBERS ARE ONLY A SYNTHESIS ESTIMATE.
      FOR ACCURATE TIMING INFORMATION PLEASE REFER TO THE TRACE REPORT
      GENERATED AFTER PLACE-and-ROUTE.

Clock Information:
------------------
-----------------------------------+------------------------+-------+
Clock Signal                       | Clock buffer(FF name)  | Load  |
-----------------------------------+------------------------+-------+
clk                                | BUFGP                  | 4     |
-----------------------------------+------------------------+-------+

Asynchronous Control Signals Information:
----------------------------------------
No asynchronous control signals found in this design

Timing Summary:
---------------
Speed Grade: -5

   Minimum period: 2.745ns (Maximum Frequency: 364.339MHz)
   Minimum input arrival time before clock: 2.386ns
   Maximum output required time after clock: 6.318ns
   Maximum combinational path delay: No path found

Timing Detail:
--------------
All values displayed in nanoseconds (ns)

=========================================================================
Timing constraint: Default period analysis for Clock 'clk'
  Clock period: 2.745ns (frequency: 364.339MHz)
  Total number of paths / destination ports: 10 / 4
-------------------------------------------------------------------------
Delay:               2.745ns (Levels of Logic = 1)
  Source:            counter_up_0 (FF)
  Destination:       counter_up_0 (FF)
  Source Clock:      clk rising
  Destination Clock: clk rising

  Data Path: counter_up_0 to counter_up_0
                                Gate     Net
    Cell:in->out      fanout   Delay   Delay  Logical Name (Net Name)
    ----------------------------------------  ------------
     FDR:C->Q              5   0.626   0.783  counter_up_0 (counter_up_0)
     INV:I->O              1   0.479   0.681  Mcount_counter_up_xor<0>11_INV_0 (Result<0>)
     FDR:D                     0.176          counter_up_0
    ----------------------------------------
    Total                      2.745ns (1.281ns logic, 1.464ns route)
                                       (46.7% logic, 53.3% route)

=========================================================================
Timing constraint: Default OFFSET IN BEFORE for Clock 'clk'
  Total number of paths / destination ports: 4 / 4
-------------------------------------------------------------------------
Offset:              2.386ns (Levels of Logic = 1)
  Source:            reset (PAD)
  Destination:       counter_up_0 (FF)
  Destination Clock: clk rising

  Data Path: reset to counter_up_0
                                Gate     Net
    Cell:in->out      fanout   Delay   Delay  Logical Name (Net Name)
    ----------------------------------------  ------------
     IBUF:I->O             4   0.715   0.779  reset_IBUF (reset_IBUF)
     FDR:R                     0.892          counter_up_0
    ----------------------------------------
    Total                      2.386ns (1.607ns logic, 0.779ns route)
                                       (67.3% logic, 32.7% route)

=========================================================================
Timing constraint: Default OFFSET OUT AFTER for Clock 'clk'
  Total number of paths / destination ports: 4 / 4
-------------------------------------------------------------------------
Offset:              6.318ns (Levels of Logic = 1)
  Source:            counter_up_0 (FF)
  Destination:       counter<0> (PAD)
  Source Clock:      clk rising

  Data Path: counter_up_0 to counter<0>
                                Gate     Net
    Cell:in->out      fanout   Delay   Delay  Logical Name (Net Name)
    ----------------------------------------  ------------
     FDR:C->Q              5   0.626   0.783  counter_up_0 (counter_up_0)
     OBUF:I->O                 4.909          counter_0_OBUF (counter<0>)
    ----------------------------------------
    Total                      6.318ns (5.535ns logic, 0.783ns route)
                                       (87.6% logic, 12.4% route)

=========================================================================
CPU : 5.41 / 5.75 s | Elapsed : 5.00 / 6.00 s
 
--> 

Total memory usage is 168192 kilobytes

Number of errors   :    0 (   0 filtered)
Number of warnings :    2 (   0 filtered)
Number of infos    :    0 (   0 filtered)

